[debug] [2022-08-22T01:00:31.890Z] ----------------------------------------------------------------------
[debug] [2022-08-22T01:00:31.891Z] Command:       /Users/sehyun/.nvm/versions/node/v16.13.2/bin/node /Users/sehyun/.nvm/versions/node/v16.13.2/bin/firebase deploy
[debug] [2022-08-22T01:00:31.891Z] CLI Version:   11.0.1
[debug] [2022-08-22T01:00:31.891Z] Platform:      darwin
[debug] [2022-08-22T01:00:31.891Z] Node Version:  v16.13.2
[debug] [2022-08-22T01:00:31.895Z] Time:          Sun Aug 21 2022 21:00:31 GMT-0400 (Eastern Daylight Time)
[debug] [2022-08-22T01:00:31.895Z] ----------------------------------------------------------------------
[debug] 
[debug] [2022-08-22T01:00:31.896Z] >>> [apiv2][query] GET https://firebase-public.firebaseio.com/cli.json [none]
[debug] [2022-08-22T01:00:31.931Z] > command requires scopes: ["email","openid","https://www.googleapis.com/auth/cloudplatformprojects.readonly","https://www.googleapis.com/auth/firebase","https://www.googleapis.com/auth/cloud-platform"]
[debug] [2022-08-22T01:00:31.931Z] > authorizing via signed-in user (sehyun@slingshot.finance)
[debug] [2022-08-22T01:00:31.931Z] [iam] checking project babcoin-571e2 for permissions ["firebase.projects.get","firebasehosting.sites.update"]
[debug] [2022-08-22T01:00:31.932Z] > refreshing access token with scopes: []
[debug] [2022-08-22T01:00:31.932Z] >>> HTTP REQUEST POST https://www.googleapis.com/oauth2/v3/token  
 <request body omitted>
[debug] [2022-08-22T01:00:32.052Z] <<< [apiv2][status] GET https://firebase-public.firebaseio.com/cli.json 200
[debug] [2022-08-22T01:00:32.052Z] <<< [apiv2][body] GET https://firebase-public.firebaseio.com/cli.json {"cloudBuildErrorAfter":1594252800000,"cloudBuildWarnAfter":1590019200000,"defaultNode10After":1594252800000,"minVersion":"3.0.5","node8DeploysDisabledAfter":1613390400000,"node8RuntimeDisabledAfter":1615809600000,"node8WarnAfter":1600128000000}
[debug] [2022-08-22T01:00:32.102Z] <<< HTTP RESPONSE 200 {"pragma":"no-cache","cache-control":"no-cache, no-store, max-age=0, must-revalidate","date":"Mon, 22 Aug 2022 01:00:32 GMT","expires":"Mon, 01 Jan 1990 00:00:00 GMT","content-type":"application/json; charset=utf-8","vary":"X-Origin, Referer, Origin,Accept-Encoding","server":"scaffolding on HTTPServer2","x-xss-protection":"0","x-frame-options":"SAMEORIGIN","x-content-type-options":"nosniff","alt-svc":"h3=\":443\"; ma=2592000,h3-29=\":443\"; ma=2592000,h3-Q050=\":443\"; ma=2592000,h3-Q046=\":443\"; ma=2592000,h3-Q043=\":443\"; ma=2592000,quic=\":443\"; ma=2592000; v=\"46,43\"","accept-ranges":"none","transfer-encoding":"chunked"}
[debug] [2022-08-22T01:00:32.144Z] >>> [apiv2][query] POST https://cloudresourcemanager.googleapis.com/v1/projects/babcoin-571e2:testIamPermissions [none]
[debug] [2022-08-22T01:00:32.144Z] >>> [apiv2][body] POST https://cloudresourcemanager.googleapis.com/v1/projects/babcoin-571e2:testIamPermissions {"permissions":["firebase.projects.get","firebasehosting.sites.update"]}
[debug] [2022-08-22T01:00:32.426Z] <<< [apiv2][status] POST https://cloudresourcemanager.googleapis.com/v1/projects/babcoin-571e2:testIamPermissions 200
[debug] [2022-08-22T01:00:32.427Z] <<< [apiv2][body] POST https://cloudresourcemanager.googleapis.com/v1/projects/babcoin-571e2:testIamPermissions {}
[debug] [2022-08-22T01:00:32.427Z] [iam] error while checking permissions, command may fail: FirebaseError: Authorization failed. This account is missing the following required permissions on project babcoin-571e2:

  firebase.projects.get
  firebasehosting.sites.update
[debug] [2022-08-22T01:00:32.429Z] >>> [apiv2][query] GET https://firebase.googleapis.com/v1beta1/projects/babcoin-571e2 [none]
[debug] [2022-08-22T01:00:32.794Z] <<< [apiv2][status] GET https://firebase.googleapis.com/v1beta1/projects/babcoin-571e2 403
[debug] [2022-08-22T01:00:32.794Z] <<< [apiv2][body] GET https://firebase.googleapis.com/v1beta1/projects/babcoin-571e2 {"error":{"code":403,"message":"The caller does not have permission","status":"PERMISSION_DENIED"}}
[debug] [2022-08-22T01:00:32.795Z] HTTP Error: 403, The caller does not have permission
[debug] [2022-08-22T01:00:32.796Z] FirebaseError: HTTP Error: 403, The caller does not have permission
    at module.exports (/Users/sehyun/.nvm/versions/node/v16.13.2/lib/node_modules/firebase-tools/lib/responseToError.js:47:12)
    at RetryOperation._fn (/Users/sehyun/.nvm/versions/node/v16.13.2/lib/node_modules/firebase-tools/lib/apiv2.js:286:39)
    at processTicksAndRejections (node:internal/process/task_queues:96:5)
[error] 
[error] Error: Failed to get Firebase project babcoin-571e2. Please make sure the project exists and your account has permission to access it.
